<?xml version="1.0" encoding="UTF-8" ?>
<testsuite tests="21" failures="0" name="ioc.femcoworking.dto.UsuariBOTest" time="1.327" errors="0" skipped="0">
  <properties>
[...]
</properties>
  <testcase classname="ioc.femcoworking.dto.UsuariBOTest" name="testCanviContransenyaCorrecte" time="0.751"/>
  <testcase classname="ioc.femcoworking.dto.UsuariBOTest" name="testDeshabilitatUsuariSenseSerAdministrador" time="0.037"/>
  <testcase classname="ioc.femcoworking.dto.UsuariBOTest" name="testRegistreNouUsuariEmailJaExistent" time="0.311"/>
  <testcase classname="ioc.femcoworking.dto.UsuariBOTest" name="testDeshabilitatUsuariAmbIdUsuariErroni" time="0.012"/>
  <testcase classname="ioc.femcoworking.dto.UsuariBOTest" name="testLoginNomesUsuari" time="0.018"/>
  <testcase classname="ioc.femcoworking.dto.UsuariBOTest" name="testLogoutUsuari" time="0.02"/>
  <testcase classname="ioc.femcoworking.dto.UsuariBOTest" name="testLoginSensePosarDades" time="0.011"/>
  <testcase classname="ioc.femcoworking.dto.UsuariBOTest" name="testRegistreNouUsuariCorrecte" time="0.015"/>
  <testcase classname="ioc.femcoworking.dto.UsuariBOTest" name="testLoginUsuariCorrecteContrasenyaIncorrecta" time="0.01"/>
  <testcase classname="ioc.femcoworking.dto.UsuariBOTest" name="testLoginUsuariInexistent" time="0.037"/>
  <testcase classname="ioc.femcoworking.dto.UsuariBOTest" name="testLoginCorrecte" time="0.006"/>
  <testcase classname="ioc.femcoworking.dto.UsuariBOTest" name="testLoginNomesContrasenya" time="0.011"/>
  <testcase classname="ioc.femcoworking.dto.UsuariBOTest" name="testLoginUsuariDeshabilitat" time="0.018"/>
  <testcase classname="ioc.femcoworking.dto.UsuariBOTest" name="testRegistreNouUsuariSenseContrasenya" time="0.006"/>
  <testcase classname="ioc.femcoworking.dto.UsuariBOTest" name="testRegistreNouUsuariSenseEmail" time="0.013"/>
  <testcase classname="ioc.femcoworking.dto.UsuariBOTest" name="testCanviContransenyaBuida" time="0.01"/>
  <testcase classname="ioc.femcoworking.dto.UsuariBOTest" name="testDeshabilitatUsuariSenseIdUsuari" time="0.008"/>
  <testcase classname="ioc.femcoworking.dto.UsuariBOTest" name="testLlistarUsuarisNoSentAdministrador" time="0.006"/>
  <testcase classname="ioc.femcoworking.dto.UsuariBOTest" name="testRegistreNouUsuariSenseRol" time="0.009"/>
  <testcase classname="ioc.femcoworking.dto.UsuariBOTest" name="testLlistarUsuarisSentAdministrador" time="0.009"/>
  <testcase classname="ioc.femcoworking.dto.UsuariBOTest" name="testDeshabilitatUsuariSenseSentAdministrador" time="0.009"/>
</testsuite>